2026.06.26 11:44:13 INFO  Started: Metals version 1.6.7 in folders '/Users/yasin.kocar/Desktop/HMRC Projects/AES/automated-export-system-ui-tests' for client Visual Studio Code 1.115.0.
2026.06.26 11:44:13 INFO  Memory monitor started
Jun 26, 2026 11:44:13 AM org.eclipse.lsp4j.jsonrpc.services.GenericEndpoint notify
INFO: Unsupported notification method: $/setTrace
2026.06.26 11:44:14 WARN  Using H2 2.4.240 which is newer than the version Flyway has been verified with. The latest verified version of H2 is 2.3.232.
Jun 26, 2026 11:44:15 AM org.eclipse.lsp4j.jsonrpc.services.GenericEndpoint notify
INFO: Unsupported notification method: $/setTrace
Jun 26, 2026 11:44:16 AM org.eclipse.lsp4j.jsonrpc.services.GenericEndpoint notify
INFO: Unsupported notification method: $/setTrace
2026.06.26 11:45:01 INFO  running '/Users/yasin.kocar/.sdkman/candidates/sbt/current/bin/sbt -Dbloop.export-jar-classifiers=sources bloopInstall'
2026.06.26 11:45:01 INFO  no build target found for /Users/yasin.kocar/Desktop/HMRC Projects/AES/automated-export-system-ui-tests/project/metals.sbt. Using presentation compiler with project's scala-library version: 3.3.7
2026.06.26 11:45:01 WARN  no build target for: /Users/yasin.kocar/Desktop/HMRC Projects/AES/automated-export-system-ui-tests/project/metals.sbt
2026.06.26 11:45:01 WARN  no build target for: /Users/yasin.kocar/Desktop/HMRC Projects/AES/automated-export-system-ui-tests/project/project/metals.sbt
2026.06.26 11:45:02 INFO  no build target found for /Users/yasin.kocar/Desktop/HMRC Projects/AES/automated-export-system-ui-tests/project/project/metals.sbt. Using presentation compiler with project's scala-library version: 3.3.7
2026.06.26 11:45:02 INFO  [info] welcome to sbt 1.10.10 (Eclipse Adoptium Java 17.0.10)
2026.06.26 11:45:02 INFO  [info] loading global plugins from /Users/yasin.kocar/.sbt/1.0/plugins
2026.06.26 11:45:03 INFO  [info] loading settings for project automated-export-system-ui-tests-build-build-build from metals.sbt...
2026.06.26 11:45:03 INFO  [info] loading project definition from /Users/yasin.kocar/Desktop/HMRC Projects/AES/automated-export-system-ui-tests/project/project/project
2026.06.26 11:45:03 INFO  [info] loading settings for project automated-export-system-ui-tests-build-build from metals.sbt...
2026.06.26 11:45:03 INFO  [info] loading project definition from /Users/yasin.kocar/Desktop/HMRC Projects/AES/automated-export-system-ui-tests/project/project
2026.06.26 11:45:05 INFO  [success] Generated .bloop/automated-export-system-ui-tests-build-build.json
2026.06.26 11:45:05 INFO  [success] Total time: 1 s, completed 26 Jun 2026, 11:45:05
2026.06.26 11:45:05 INFO  [info] loading settings for project automated-export-system-ui-tests-build from metals.sbt, plugins.sbt...
2026.06.26 11:45:05 INFO  [info] loading project definition from /Users/yasin.kocar/Desktop/HMRC Projects/AES/automated-export-system-ui-tests/project
2026.06.26 11:45:08 INFO  [success] Generated .bloop/automated-export-system-ui-tests-build.json
2026.06.26 11:45:08 INFO  [info] compiling 1 Scala source to /Users/yasin.kocar/Desktop/HMRC Projects/AES/automated-export-system-ui-tests/project/target/scala-2.12/sbt-1.0/classes ...
2026.06.26 11:45:09 INFO  [info] done compiling
2026.06.26 11:45:09 INFO  [success] Total time: 3 s, completed 26 Jun 2026, 11:45:09
2026.06.26 11:45:09 INFO  [info] SbtAutoBuildPlugin - adding projectSettings
2026.06.26 11:45:09 INFO  [info] loading settings for project root from build.sbt...
2026.06.26 11:45:09 INFO  [info] SbtAutoBuildPlugin - adding global settings
2026.06.26 11:45:10 INFO  [info] SbtAutoBuildPlugin - repository is marked public. Licence headers will be added to all source files
2026.06.26 11:45:10 INFO  [info] set current project to automated-export-system-ui-tests (in build file:/Users/yasin.kocar/Desktop/HMRC%20Projects/AES/automated-export-system-ui-tests/)
2026.06.26 11:45:12 INFO  [success] Generated .bloop/root.json
2026.06.26 11:45:12 INFO  [success] Generated .bloop/root-test.json
2026.06.26 11:45:12 INFO  [success] Total time: 2 s, completed 26 Jun 2026, 11:45:12
2026.06.26 11:45:12 INFO  time: ran 'sbt bloopInstall' in 10s
2026.06.26 11:45:12 INFO  Attempting to connect to the build server...
2026.06.26 11:45:12 INFO  No running Bloop server found, starting one.
2026.06.26 11:45:15 INFO  Starting compilation server
2026.06.26 11:45:15 INFO  tracing is disabled for protocol BSP, to enable tracing of incoming and outgoing JSON messages create an empty file at /Users/yasin.kocar/Desktop/HMRC Projects/AES/automated-export-system-ui-tests/.metals/bsp.trace.json or /Users/yasin.kocar/Library/Caches/org.scalameta.metals/bsp.trace.json
2026.06.26 11:45:15 INFO  Attempting to connect to the build server...
2026.06.26 11:45:15 INFO  Found a Bloop server running
2026.06.26 11:45:15 INFO  Attempting to connect to the build server...
2026.06.26 11:45:15 INFO  Found a Bloop server running
2026.06.26 11:45:15 INFO  tracing is disabled for protocol BSP, to enable tracing of incoming and outgoing JSON messages create an empty file at /Users/yasin.kocar/Desktop/HMRC Projects/AES/automated-export-system-ui-tests/project/project/.metals/bsp.trace.json or /Users/yasin.kocar/Library/Caches/org.scalameta.metals/bsp.trace.json
2026.06.26 11:45:15 INFO  tracing is disabled for protocol BSP, to enable tracing of incoming and outgoing JSON messages create an empty file at /Users/yasin.kocar/Desktop/HMRC Projects/AES/automated-export-system-ui-tests/project/.metals/bsp.trace.json or /Users/yasin.kocar/Library/Caches/org.scalameta.metals/bsp.trace.json
2026.06.26 11:45:15 INFO  time: Connected to build server in 3.69s
2026.06.26 11:45:15 INFO  Connected to Build server: Bloop v2.0.19
2026.06.26 11:45:17 WARN  Using H2 2.4.240 which is newer than the version Flyway has been verified with. The latest verified version of H2 is 2.3.232.
2026.06.26 11:45:25 INFO  time: indexed workspace in 9.21s
2026.06.26 11:46:10 ERROR Unexpected error initializing server: 
org.eclipse.lsp4j.jsonrpc.ResponseErrorException: Request window/showMessageRequest failed with message: Canceled
	at org.eclipse.lsp4j.jsonrpc.RemoteEndpoint.handleResponse(RemoteEndpoint.java:214)
	at org.eclipse.lsp4j.jsonrpc.RemoteEndpoint.consume(RemoteEndpoint.java:198)
	at org.eclipse.lsp4j.jsonrpc.json.StreamMessageProducer.handleMessage(StreamMessageProducer.java:189)
	at org.eclipse.lsp4j.jsonrpc.json.StreamMessageProducer.listen(StreamMessageProducer.java:97)
	at org.eclipse.lsp4j.jsonrpc.json.ConcurrentMessageProcessor.run(ConcurrentMessageProcessor.java:97)
	at java.util.concurrent.Executors$RunnableAdapter.call(Executors.java:539)
	at java.util.concurrent.FutureTask.run(FutureTask.java:264)
	at java.util.concurrent.ThreadPoolExecutor.runWorker(ThreadPoolExecutor.java:1136)
	at java.util.concurrent.ThreadPoolExecutor$Worker.run(ThreadPoolExecutor.java:635)
	at java.lang.Thread.run(Thread.java:840)

2026.06.26 12:03:26 INFO  compiling root-test (3 scala sources)
2026.06.26 12:03:27 INFO  time: compiled root-test in 1.37s
2026.06.26 12:03:31 WARN  Could not find semantic tokens for: file:///Users/yasin.kocar/Desktop/HMRC%20Projects/AES/automated-export-system-ui-tests/src/test/scala/uk/gov/hmrc/ui/specs/SampleSpec.scala
2026.06.26 12:03:33 INFO  compiling root-test (1 scala source)
2026.06.26 12:03:33 INFO  time: compiled root-test in 86ms
2026.06.26 12:03:55 INFO  compiling root-test (1 scala source)
2026.06.26 12:03:55 INFO  time: compiled root-test in 61ms
2026.06.26 12:03:58 INFO  compiling root-test (1 scala source)
2026.06.26 12:03:58 INFO  time: compiled root-test in 44ms
2026.06.26 12:04:04 INFO  compiling root-test (1 scala source)
2026.06.26 12:04:04 INFO  time: compiled root-test in 0.44s
Jun 26, 2026 12:04:57 PM org.eclipse.lsp4j.jsonrpc.services.GenericEndpoint notify
INFO: Unsupported notification method: $/setTrace
